<?xml version="1.0" encoding="UTF-8"?>
<!-- Generated by org.testng.reporters.JUnitReportReporter -->
<testsuite hostname="DESKTOP-781TC0U" failures="0" tests="3" name="LoginTest.MainFM.ErrorFix" time="26.543" errors="0" timestamp="2022-04-25T15:34:55 EDT" skipped="0">
  <testcase classname="LoginTest.MainFM.ErrorFix" name="login" time="10.411"/>
  <system-out/>
  <testcase classname="LoginTest.MainFM.ErrorFix" name="login" time="8.206"/>
  <system-out/>
  <testcase classname="LoginTest.MainFM.ErrorFix" name="login" time="7.926"/>
  <system-out/>
</testsuite> <!-- LoginTest.MainFM.ErrorFix -->
